  Uic'ing addcoursewindow.ui...
  Uic'ing dashboard.ui...
  Uic'ing dashintro.ui...
  Uic'ing mainwindow.ui...
  Uic'ing screen2.ui...
  Moc'ing addcoursewindow.h...
  Moc'ing dashboard.h...
  Moc'ing dashintro.h...
  Moc'ing mainwindow.h...
  Moc'ing screen2.h...
  addcoursewindow.cpp
  dashboard.cpp
  dashintro.cpp
  main.cpp
  mainwindow.cpp
  screen2.cpp
  moc_addcoursewindow.cpp
  moc_dashboard.cpp
  moc_dashintro.cpp
  moc_mainwindow.cpp
  moc_screen2.cpp
  320projectGUI.vcxproj -> C:\Users\Kyle\Documents\hope\320projectGUI\debug\320projectGUI.exe
